<?xml version="1.0" encoding="UTF-8"?>
<!-- Generated by org.testng.reporters.JUnitXMLReporter -->
<testsuite ignored="0" hostname="DESKTOP-R0CA6L6" failures="0" tests="8" name="CGM_API_Test" time="22.018" errors="0" timestamp="2023-06-08T13:38:34 IST">
  <testcase classname="api.demo.tests.SparkReport_PetTest" name="TestPostPet" time="5.626"/>
  <testcase classname="api.demo.tests.SparkReport_PetTest" name="TestGetpet" time="1.456"/>
  <testcase classname="api.demo.tests.SparkReport_PetTest" name="TestPutPet" time="3.383"/>
  <testcase classname="api.demo.tests.SparkReport_PetTest" name="TestDeletePet" time="1.514"/>
  <testcase classname="api.demo.tests.ExtentReport_PetTest" name="TestPostPet" time="1.514"/>
  <testcase classname="api.demo.tests.ExtentReport_PetTest" name="TestGetpet" time="1.424"/>
  <testcase classname="api.demo.tests.ExtentReport_PetTest" name="TestPutPet" time="2.979"/>
  <testcase classname="api.demo.tests.ExtentReport_PetTest" name="TestDeletePet" time="1.487"/>
</testsuite> <!-- CGM_API_Test -->
