<?xml version="1.0" encoding="UTF-8"?>
<!-- Generated by org.testng.reporters.JUnitXMLReporter -->
<testsuite ignored="0" hostname="DESKTOP-R0CA6L6" failures="0" tests="4" name="Default test" time="15.059" errors="0" timestamp="2023-06-08T13:32:20 IST">
  <testcase classname="api.demo.tests.ExtentReport_PetTest" name="TestPostPet" time="7.784"/>
  <testcase classname="api.demo.tests.ExtentReport_PetTest" name="TestGetpet" time="1.603"/>
  <testcase classname="api.demo.tests.ExtentReport_PetTest" name="TestPutPet" time="2.969"/>
  <testcase classname="api.demo.tests.ExtentReport_PetTest" name="TestDeletePet" time="1.46"/>
</testsuite> <!-- Default test -->
