<?xml version="1.0" encoding="UTF-8"?>
<!-- Generated by org.testng.reporters.JUnitXMLReporter -->
<testsuite ignored="0" hostname="DESKTOP-R0CA6L6" failures="1" tests="9" name="CGM_API_Test" time="33.209" errors="0" timestamp="2023-06-08T12:50:20 IST">
  <testcase classname="api.demo.tests.SparkReport_PetTest" name="TestPostPet" time="6.419"/>
  <testcase classname="api.demo.tests.SparkReport_PetTest" name="TestGetpet" time="2.105"/>
  <testcase classname="api.demo.tests.SparkReport_PetTest" name="TestPutPet" time="3.967"/>
  <testcase classname="api.demo.tests.SparkReport_PetTest" name="TestDeletePet" time="2.02"/>
  <testcase classname="api.demo.tests.ExtentReport_PetTest" name="TestPostPet" time="2.134"/>
  <testcase classname="api.demo.tests.ExtentReport_PetTest" name="TestGetpet" time="3.521">
    <skipped/>
  </testcase> <!-- TestGetpet -->
  <testcase classname="api.demo.tests.ExtentReport_PetTest" name="TestGetpet" time="2.717">
    <failure type="java.lang.NullPointerException">
      <![CDATA[java.lang.NullPointerException
at api.demo.tests.ExtentReport_PetTest.TestGetpet(ExtentReport_PetTest.java:108)
at java.base/java.util.ArrayList.forEach(ArrayList.java:1541)
... Removed 27 stack frames]]>
    </failure>
  </testcase> <!-- TestGetpet -->
  <testcase classname="api.demo.tests.ExtentReport_PetTest" name="TestPutPet" time="4.99"/>
  <testcase classname="api.demo.tests.ExtentReport_PetTest" name="TestDeletePet" time="2.041"/>
</testsuite> <!-- CGM_API_Test -->
