<?xml version="1.0" encoding="UTF-8"?>
<!-- Generated by org.testng.reporters.JUnitXMLReporter -->
<testsuite ignored="0" hostname="DESKTOP-R0CA6L6" failures="0" tests="12" name="CGM_API_Test" time="32.856" errors="0" timestamp="2023-06-07T20:12:29 IST">
  <testcase classname="api.demo.tests.SparkReport_PetTest" name="TestPostPet" time="7.279"/>
  <testcase classname="api.demo.tests.SparkReport_PetTest" name="TestGetpet" time="1.803"/>
  <testcase classname="api.demo.tests.SparkReport_PetTest" name="TestPutPet" time="3.321"/>
  <testcase classname="api.demo.tests.SparkReport_PetTest" name="TestDeletePet" time="1.477"/>
  <testcase classname="api.demo.tests.ExtentReport_PetTest" name="TestPostPet" time="1.493"/>
  <testcase classname="api.demo.tests.ExtentReport_PetTest" name="TestGetpet" time="1.486"/>
  <testcase classname="api.demo.tests.ExtentReport_PetTest" name="TestPutPet" time="3.173"/>
  <testcase classname="api.demo.tests.ExtentReport_PetTest" name="TestDeletePet" time="1.462"/>
  <testcase classname="api.demo.tests.PetTest" name="TestPostPet" time="2.865"/>
  <testcase classname="api.demo.tests.PetTest" name="TestGetpet" time="1.482"/>
  <testcase classname="api.demo.tests.PetTest" name="TestPutPet" time="3.095"/>
  <testcase classname="api.demo.tests.PetTest" name="TestDeletePet" time="1.526"/>
</testsuite> <!-- CGM_API_Test -->
