<?xml version="1.0" encoding="UTF-8"?>
<testng-results ignored="0" total="8" passed="8" failed="0" skipped="0">
  <reporter-output>
  </reporter-output>
  <suite started-at="2023-06-08T13:38:11 IST" name="CGM_TestNG_Suite" finished-at="2023-06-08T13:38:33 IST" duration-ms="22018">
    <groups>
    </groups>
    <test started-at="2023-06-08T13:38:11 IST" name="CGM_API_Test" finished-at="2023-06-08T13:38:33 IST" duration-ms="22018">
      <class name="api.demo.tests.ExtentReport_PetTest">
        <test-method is-config="true" signature="startReport()[pri:0, instance:api.demo.tests.ExtentReport_PetTest@42bc14c1]" started-at="2023-06-08T13:38:13 IST" name="startReport" finished-at="2023-06-08T13:38:13 IST" duration-ms="58" status="PASS">
          <reporter-output>
          </reporter-output>
        </test-method> <!-- startReport -->
        <test-method is-config="true" signature="setup()[pri:0, instance:api.demo.tests.ExtentReport_PetTest@42bc14c1]" started-at="2023-06-08T13:38:25 IST" name="setup" finished-at="2023-06-08T13:38:25 IST" duration-ms="6" status="PASS">
          <reporter-output>
          </reporter-output>
        </test-method> <!-- setup -->
        <test-method signature="TestPostPet()[pri:0, instance:api.demo.tests.ExtentReport_PetTest@42bc14c1]" started-at="2023-06-08T13:38:25 IST" name="TestPostPet" finished-at="2023-06-08T13:38:27 IST" duration-ms="1514" status="PASS">
          <reporter-output>
          </reporter-output>
        </test-method> <!-- TestPostPet -->
        <test-method is-config="true" signature="tearDown(org.testng.ITestResult)[pri:0, instance:api.demo.tests.ExtentReport_PetTest@42bc14c1]" started-at="2023-06-08T13:38:27 IST" name="tearDown" finished-at="2023-06-08T13:38:27 IST" duration-ms="3" status="PASS">
          <params>
            <param index="0">
              <value>
                <![CDATA[[TestResult name=TestPostPet status=SUCCESS method=ExtentReport_PetTest.TestPostPet()[pri:0, instance:api.demo.tests.ExtentReport_PetTest@42bc14c1] output={null}]]]>
              </value>
            </param>
          </params>
          <reporter-output>
          </reporter-output>
        </test-method> <!-- tearDown -->
        <test-method signature="TestGetpet()[pri:1, instance:api.demo.tests.ExtentReport_PetTest@42bc14c1]" started-at="2023-06-08T13:38:27 IST" name="TestGetpet" finished-at="2023-06-08T13:38:28 IST" duration-ms="1424" status="PASS">
          <reporter-output>
          </reporter-output>
        </test-method> <!-- TestGetpet -->
        <test-method is-config="true" signature="tearDown(org.testng.ITestResult)[pri:0, instance:api.demo.tests.ExtentReport_PetTest@42bc14c1]" started-at="2023-06-08T13:38:28 IST" name="tearDown" finished-at="2023-06-08T13:38:28 IST" duration-ms="1" status="PASS">
          <params>
            <param index="0">
              <value>
                <![CDATA[[TestResult name=TestGetpet status=SUCCESS method=ExtentReport_PetTest.TestGetpet()[pri:1, instance:api.demo.tests.ExtentReport_PetTest@42bc14c1] output={null}]]]>
              </value>
            </param>
          </params>
          <reporter-output>
          </reporter-output>
        </test-method> <!-- tearDown -->
        <test-method signature="TestPutPet()[pri:2, instance:api.demo.tests.ExtentReport_PetTest@42bc14c1]" started-at="2023-06-08T13:38:28 IST" name="TestPutPet" finished-at="2023-06-08T13:38:31 IST" duration-ms="2979" status="PASS">
          <reporter-output>
          </reporter-output>
        </test-method> <!-- TestPutPet -->
        <test-method is-config="true" signature="tearDown(org.testng.ITestResult)[pri:0, instance:api.demo.tests.ExtentReport_PetTest@42bc14c1]" started-at="2023-06-08T13:38:31 IST" name="tearDown" finished-at="2023-06-08T13:38:31 IST" duration-ms="1" status="PASS">
          <params>
            <param index="0">
              <value>
                <![CDATA[[TestResult name=TestPutPet status=SUCCESS method=ExtentReport_PetTest.TestPutPet()[pri:2, instance:api.demo.tests.ExtentReport_PetTest@42bc14c1] output={null}]]]>
              </value>
            </param>
          </params>
          <reporter-output>
          </reporter-output>
        </test-method> <!-- tearDown -->
        <test-method signature="TestDeletePet()[pri:3, instance:api.demo.tests.ExtentReport_PetTest@42bc14c1]" started-at="2023-06-08T13:38:31 IST" name="TestDeletePet" finished-at="2023-06-08T13:38:33 IST" duration-ms="1487" status="PASS">
          <reporter-output>
          </reporter-output>
        </test-method> <!-- TestDeletePet -->
        <test-method is-config="true" signature="tearDown(org.testng.ITestResult)[pri:0, instance:api.demo.tests.ExtentReport_PetTest@42bc14c1]" started-at="2023-06-08T13:38:33 IST" name="tearDown" finished-at="2023-06-08T13:38:33 IST" duration-ms="2" status="PASS">
          <params>
            <param index="0">
              <value>
                <![CDATA[[TestResult name=TestDeletePet status=SUCCESS method=ExtentReport_PetTest.TestDeletePet()[pri:3, instance:api.demo.tests.ExtentReport_PetTest@42bc14c1] output={null}]]]>
              </value>
            </param>
          </params>
          <reporter-output>
          </reporter-output>
        </test-method> <!-- tearDown -->
        <test-method is-config="true" signature="endReport()[pri:0, instance:api.demo.tests.ExtentReport_PetTest@42bc14c1]" started-at="2023-06-08T13:38:33 IST" name="endReport" finished-at="2023-06-08T13:38:33 IST" duration-ms="400" status="PASS">
          <reporter-output>
          </reporter-output>
        </test-method> <!-- endReport -->
      </class> <!-- api.demo.tests.ExtentReport_PetTest -->
      <class name="api.demo.tests.SparkReport_PetTest">
        <test-method is-config="true" signature="setExtent()[pri:0, instance:api.demo.tests.SparkReport_PetTest@47f9738]" started-at="2023-06-08T13:38:13 IST" name="setExtent" finished-at="2023-06-08T13:38:13 IST" duration-ms="0" status="PASS">
          <reporter-output>
          </reporter-output>
        </test-method> <!-- setExtent -->
        <test-method is-config="true" signature="setup()[pri:0, instance:api.demo.tests.SparkReport_PetTest@47f9738]" started-at="2023-06-08T13:38:13 IST" name="setup" finished-at="2023-06-08T13:38:13 IST" duration-ms="353" status="PASS">
          <reporter-output>
          </reporter-output>
        </test-method> <!-- setup -->
        <test-method signature="TestPostPet()[pri:0, instance:api.demo.tests.SparkReport_PetTest@47f9738]" started-at="2023-06-08T13:38:13 IST" name="TestPostPet" finished-at="2023-06-08T13:38:19 IST" duration-ms="5626" status="PASS">
          <reporter-output>
          </reporter-output>
        </test-method> <!-- TestPostPet -->
        <test-method is-config="true" signature="tearDown(org.testng.ITestResult)[pri:0, instance:api.demo.tests.SparkReport_PetTest@47f9738]" started-at="2023-06-08T13:38:19 IST" name="tearDown" finished-at="2023-06-08T13:38:19 IST" duration-ms="5" status="PASS">
          <params>
            <param index="0">
              <value>
                <![CDATA[[TestResult name=TestPostPet status=SUCCESS method=SparkReport_PetTest.TestPostPet()[pri:0, instance:api.demo.tests.SparkReport_PetTest@47f9738] output={null}]]]>
              </value>
            </param>
          </params>
          <reporter-output>
          </reporter-output>
        </test-method> <!-- tearDown -->
        <test-method signature="TestGetpet()[pri:1, instance:api.demo.tests.SparkReport_PetTest@47f9738]" started-at="2023-06-08T13:38:19 IST" name="TestGetpet" finished-at="2023-06-08T13:38:20 IST" duration-ms="1456" status="PASS">
          <reporter-output>
          </reporter-output>
        </test-method> <!-- TestGetpet -->
        <test-method is-config="true" signature="tearDown(org.testng.ITestResult)[pri:0, instance:api.demo.tests.SparkReport_PetTest@47f9738]" started-at="2023-06-08T13:38:20 IST" name="tearDown" finished-at="2023-06-08T13:38:20 IST" duration-ms="2" status="PASS">
          <params>
            <param index="0">
              <value>
                <![CDATA[[TestResult name=TestGetpet status=SUCCESS method=SparkReport_PetTest.TestGetpet()[pri:1, instance:api.demo.tests.SparkReport_PetTest@47f9738] output={null}]]]>
              </value>
            </param>
          </params>
          <reporter-output>
          </reporter-output>
        </test-method> <!-- tearDown -->
        <test-method signature="TestPutPet()[pri:2, instance:api.demo.tests.SparkReport_PetTest@47f9738]" started-at="2023-06-08T13:38:20 IST" name="TestPutPet" finished-at="2023-06-08T13:38:24 IST" duration-ms="3383" status="PASS">
          <reporter-output>
          </reporter-output>
        </test-method> <!-- TestPutPet -->
        <test-method is-config="true" signature="tearDown(org.testng.ITestResult)[pri:0, instance:api.demo.tests.SparkReport_PetTest@47f9738]" started-at="2023-06-08T13:38:24 IST" name="tearDown" finished-at="2023-06-08T13:38:24 IST" duration-ms="2" status="PASS">
          <params>
            <param index="0">
              <value>
                <![CDATA[[TestResult name=TestPutPet status=SUCCESS method=SparkReport_PetTest.TestPutPet()[pri:2, instance:api.demo.tests.SparkReport_PetTest@47f9738] output={null}]]]>
              </value>
            </param>
          </params>
          <reporter-output>
          </reporter-output>
        </test-method> <!-- tearDown -->
        <test-method signature="TestDeletePet()[pri:3, instance:api.demo.tests.SparkReport_PetTest@47f9738]" started-at="2023-06-08T13:38:24 IST" name="TestDeletePet" finished-at="2023-06-08T13:38:25 IST" duration-ms="1514" status="PASS">
          <reporter-output>
          </reporter-output>
        </test-method> <!-- TestDeletePet -->
        <test-method is-config="true" signature="tearDown(org.testng.ITestResult)[pri:0, instance:api.demo.tests.SparkReport_PetTest@47f9738]" started-at="2023-06-08T13:38:25 IST" name="tearDown" finished-at="2023-06-08T13:38:25 IST" duration-ms="1" status="PASS">
          <params>
            <param index="0">
              <value>
                <![CDATA[[TestResult name=TestDeletePet status=SUCCESS method=SparkReport_PetTest.TestDeletePet()[pri:3, instance:api.demo.tests.SparkReport_PetTest@47f9738] output={null}]]]>
              </value>
            </param>
          </params>
          <reporter-output>
          </reporter-output>
        </test-method> <!-- tearDown -->
        <test-method is-config="true" signature="endReport()[pri:0, instance:api.demo.tests.SparkReport_PetTest@47f9738]" started-at="2023-06-08T13:38:33 IST" name="endReport" finished-at="2023-06-08T13:38:33 IST" duration-ms="388" status="PASS">
          <reporter-output>
          </reporter-output>
        </test-method> <!-- endReport -->
      </class> <!-- api.demo.tests.SparkReport_PetTest -->
    </test> <!-- CGM_API_Test -->
  </suite> <!-- CGM_TestNG_Suite -->
</testng-results>
